[debug] [2025-05-11T21:39:51.454Z] ----------------------------------------------------------------------
[debug] [2025-05-11T21:39:51.456Z] Command:       /Users/ryansaunders/.nvm/versions/node/v22.15.0/bin/node /Users/ryansaunders/.nvm/versions/node/v22.15.0/bin/firebase deploy
[debug] [2025-05-11T21:39:51.456Z] CLI Version:   14.2.2
[debug] [2025-05-11T21:39:51.456Z] Platform:      darwin
[debug] [2025-05-11T21:39:51.456Z] Node Version:  v22.15.0
[debug] [2025-05-11T21:39:51.456Z] Time:          Sun May 11 2025 15:39:51 GMT-0600 (Mountain Daylight Time)
[debug] [2025-05-11T21:39:51.456Z] ----------------------------------------------------------------------
[debug] 
[debug] [2025-05-11T21:39:51.457Z] >>> [apiv2][query] GET https://firebase-public.firebaseio.com/cli.json [none]
[debug] [2025-05-11T21:39:51.540Z] > command requires scopes: ["email","openid","https://www.googleapis.com/auth/cloudplatformprojects.readonly","https://www.googleapis.com/auth/firebase","https://www.googleapis.com/auth/cloud-platform"]
[debug] [2025-05-11T21:39:51.540Z] > authorizing via signed-in user (ryan.saunders@pocketrn.com)
[debug] [2025-05-11T21:39:51.540Z] [iam] checking project cozy-ttrpg for permissions ["firebase.projects.get","firebasehosting.sites.update"]
[debug] [2025-05-11T21:39:51.541Z] Checked if tokens are valid: false, expires at: 1746163713156
[debug] [2025-05-11T21:39:51.541Z] Checked if tokens are valid: false, expires at: 1746163713156
[debug] [2025-05-11T21:39:51.541Z] > refreshing access token with scopes: []
[debug] [2025-05-11T21:39:51.541Z] >>> [apiv2][query] POST https://www.googleapis.com/oauth2/v3/token [none]
[debug] [2025-05-11T21:39:51.541Z] >>> [apiv2][body] POST https://www.googleapis.com/oauth2/v3/token [omitted]
[debug] [2025-05-11T21:39:51.714Z] <<< [apiv2][status] GET https://firebase-public.firebaseio.com/cli.json 200
[debug] [2025-05-11T21:39:51.714Z] <<< [apiv2][body] GET https://firebase-public.firebaseio.com/cli.json {"cloudBuildErrorAfter":1594252800000,"cloudBuildWarnAfter":1590019200000,"defaultNode10After":1594252800000,"minVersion":"3.0.5","node8DeploysDisabledAfter":1613390400000,"node8RuntimeDisabledAfter":1615809600000,"node8WarnAfter":1600128000000}
[debug] [2025-05-11T21:39:51.785Z] <<< [apiv2][status] POST https://www.googleapis.com/oauth2/v3/token 200
[debug] [2025-05-11T21:39:51.785Z] <<< [apiv2][body] POST https://www.googleapis.com/oauth2/v3/token [omitted]
[debug] [2025-05-11T21:39:51.795Z] >>> [apiv2][query] POST https://cloudresourcemanager.googleapis.com/v1/projects/cozy-ttrpg:testIamPermissions [none]
[debug] [2025-05-11T21:39:51.795Z] >>> [apiv2][(partial)header] POST https://cloudresourcemanager.googleapis.com/v1/projects/cozy-ttrpg:testIamPermissions x-goog-quota-user=projects/cozy-ttrpg
[debug] [2025-05-11T21:39:51.795Z] >>> [apiv2][body] POST https://cloudresourcemanager.googleapis.com/v1/projects/cozy-ttrpg:testIamPermissions {"permissions":["firebase.projects.get","firebasehosting.sites.update"]}
[debug] [2025-05-11T21:39:52.346Z] <<< [apiv2][status] POST https://cloudresourcemanager.googleapis.com/v1/projects/cozy-ttrpg:testIamPermissions 200
[debug] [2025-05-11T21:39:52.347Z] <<< [apiv2][body] POST https://cloudresourcemanager.googleapis.com/v1/projects/cozy-ttrpg:testIamPermissions {}
[debug] [2025-05-11T21:39:52.347Z] [iam] error while checking permissions, command may fail: Authorization failed. This account is missing the following required permissions on project cozy-ttrpg:

  firebase.projects.get
  firebasehosting.sites.update
[debug] [2025-05-11T21:39:52.347Z] Checked if tokens are valid: true, expires at: 1747003190785
[debug] [2025-05-11T21:39:52.347Z] Checked if tokens are valid: true, expires at: 1747003190785
[debug] [2025-05-11T21:39:52.348Z] >>> [apiv2][query] GET https://firebase.googleapis.com/v1beta1/projects/cozy-ttrpg [none]
[debug] [2025-05-11T21:39:52.896Z] <<< [apiv2][status] GET https://firebase.googleapis.com/v1beta1/projects/cozy-ttrpg 403
[debug] [2025-05-11T21:39:52.897Z] <<< [apiv2][body] GET https://firebase.googleapis.com/v1beta1/projects/cozy-ttrpg {"error":{"code":403,"message":"The caller does not have permission","status":"PERMISSION_DENIED"}}
[debug] [2025-05-11T21:39:52.898Z] Request to https://firebase.googleapis.com/v1beta1/projects/cozy-ttrpg had HTTP Error: 403, The caller does not have permission
[debug] [2025-05-11T21:39:53.109Z] FirebaseError: Request to https://firebase.googleapis.com/v1beta1/projects/cozy-ttrpg had HTTP Error: 403, The caller does not have permission
    at responseToError (/Users/ryansaunders/.nvm/versions/node/v22.15.0/lib/node_modules/firebase-tools/lib/responseToError.js:52:12)
    at RetryOperation._fn (/Users/ryansaunders/.nvm/versions/node/v22.15.0/lib/node_modules/firebase-tools/lib/apiv2.js:312:77)
    at process.processTicksAndRejections (node:internal/process/task_queues:105:5)
[error] 
[error] Error: Failed to get Firebase project cozy-ttrpg. Please make sure the project exists and your account has permission to access it.
